c:\users\nicole\desktop\estructuras datos\examen_ii\examen_ii\examen_ii\x64\debug\vc143.pdb
c:\users\nicole\desktop\estructuras datos\examen_ii\examen_ii\examen_ii\x64\debug\vc143.idb
c:\users\nicole\desktop\estructuras datos\examen_ii\examen_ii\examen_ii\x64\debug\ruta.obj
c:\users\nicole\desktop\estructuras datos\examen_ii\examen_ii\examen_ii\x64\debug\graph.obj
c:\users\nicole\desktop\estructuras datos\examen_ii\examen_ii\examen_ii\x64\debug\source.obj
c:\users\nicole\desktop\estructuras datos\examen_ii\examen_ii\examen_ii\x64\debug\archivo.obj
c:\users\nicole\desktop\estructuras datos\examen_ii\examen_ii\examen_ii\x64\debug\disjointsets.obj
c:\users\nicole\desktop\estructuras datos\examen_ii\examen_ii\examen_ii\x64\debug\netpro.obj
c:\users\nicole\desktop\estructuras datos\examen_ii\examen_ii\examen_ii\x64\debug\excepcion.obj
c:\users\nicole\desktop\estructuras datos\examen_ii\examen_ii\x64\debug\examen_ii.exe
c:\users\nicole\desktop\estructuras datos\examen_ii\examen_ii\examen_ii\x64\debug\examen_ii.ilk
c:\users\nicole\desktop\estructuras datos\examen_ii\examen_ii\x64\debug\examen_ii.pdb
c:\users\nicole\desktop\estructuras datos\examen_ii\examen_ii\examen_ii\x64\debug\archivo.obj.enc
c:\users\nicole\desktop\estructuras datos\examen_ii\examen_ii\examen_ii\x64\debug\graph.obj.enc
c:\users\nicole\desktop\estructuras datos\examen_ii\examen_ii\examen_ii\x64\debug\netpro.obj.enc
c:\users\nicole\desktop\estructuras datos\examen_ii\examen_ii\examen_ii\x64\debug\source.obj.enc
c:\users\nicole\desktop\estructuras datos\examen_ii\examen_ii\examen_ii\x64\debug\examen_ii.tlog\cl.command.1.tlog
c:\users\nicole\desktop\estructuras datos\examen_ii\examen_ii\examen_ii\x64\debug\examen_ii.tlog\cl.read.1.tlog
c:\users\nicole\desktop\estructuras datos\examen_ii\examen_ii\examen_ii\x64\debug\examen_ii.tlog\cl.write.1.tlog
c:\users\nicole\desktop\estructuras datos\examen_ii\examen_ii\examen_ii\x64\debug\examen_ii.tlog\link.command.1.tlog
c:\users\nicole\desktop\estructuras datos\examen_ii\examen_ii\examen_ii\x64\debug\examen_ii.tlog\link.read.1.tlog
c:\users\nicole\desktop\estructuras datos\examen_ii\examen_ii\examen_ii\x64\debug\examen_ii.tlog\link.write.1.tlog
