  Source.cpp
C:\Users\Nicole\Desktop\Estructuras Datos\programas\HashMapEjerciocio2\HashMapEjerciocio2\Source.cpp(24,24): error C2676: '==' binario: 'V' no define este operador o una conversión a un tipo aceptable para el operador predefinido
          with
          [
              V=std::string
          ]
C:\Program Files\Microsoft Visual Studio\2022\Community\VC\Tools\MSVC\14.33.31629\include\memory(3527,17): message : puede ser 'bool std::operator ==(std::nullptr_t,const std::unique_ptr<_Ty,_Dx> &) noexcept'
C:\Users\Nicole\Desktop\Estructuras Datos\programas\HashMapEjerciocio2\HashMapEjerciocio2\Source.cpp(24,24): error C2784: 'bool std::operator ==(std::nullptr_t,const std::unique_ptr<_Ty,_Dx> &) noexcept': no se pudo deducir el argumento plantilla para 'const std::unique_ptr<_Ty,_Dx> &' de 'int'
C:\Program Files\Microsoft Visual Studio\2022\Community\VC\Tools\MSVC\14.33.31629\include\memory(3527): message : vea la declaración de 'std::operator =='
C:\Users\Nicole\Desktop\Estructuras Datos\programas\HashMapEjerciocio2\HashMapEjerciocio2\Source.cpp(24,24): error C2784: 'bool std::operator ==(const std::unique_ptr<_Ty,_Dx> &,std::nullptr_t) noexcept': no se pudo deducir el argumento plantilla para 'const std::unique_ptr<_Ty,_Dx> &' de 'V'
          with
          [
              V=std::string
          ]
C:\Users\Nicole\Desktop\Estructuras Datos\programas\HashMapEjerciocio2\HashMapEjerciocio2\Source.cpp(24,24): error C2784: 'bool std::operator ==(const std::unique_ptr<_Ty,_Dx> &,const std::unique_ptr<_Ty2,_Dx2> &)': no se pudo deducir el argumento plantilla para 'const std::unique_ptr<_Ty,_Dx> &' de 'V'
          with
          [
              V=std::string
          ]
C:\Users\Nicole\Desktop\Estructuras Datos\programas\HashMapEjerciocio2\HashMapEjerciocio2\Source.cpp(24,24): error C2784: 'bool std::operator ==(std::nullptr_t,const std::shared_ptr<_Ty> &) noexcept': no se pudo deducir el argumento plantilla para 'const std::shared_ptr<_Ty> &' de 'int'
C:\Users\Nicole\Desktop\Estructuras Datos\programas\HashMapEjerciocio2\HashMapEjerciocio2\Source.cpp(24,24): error C2784: 'bool std::operator ==(const std::shared_ptr<_Ty> &,std::nullptr_t) noexcept': no se pudo deducir el argumento plantilla para 'const std::shared_ptr<_Ty> &' de 'V'
          with
          [
              V=std::string
          ]
C:\Users\Nicole\Desktop\Estructuras Datos\programas\HashMapEjerciocio2\HashMapEjerciocio2\Source.cpp(24,24): error C2784: 'bool std::operator ==(const std::shared_ptr<_Ty> &,const std::shared_ptr<_Ty0> &) noexcept': no se pudo deducir el argumento plantilla para 'const std::shared_ptr<_Ty> &' de 'V'
          with
          [
              V=std::string
          ]
C:\Users\Nicole\Desktop\Estructuras Datos\programas\HashMapEjerciocio2\HashMapEjerciocio2\Source.cpp(24,24): error C2784: 'bool std::operator ==(const _Elem *const ,const std::basic_string<_Elem,_Traits,_Alloc> &)': no se pudo deducir el argumento plantilla para 'const _Elem *const ' de 'V'
          with
          [
              V=std::string
          ]
C:\Users\Nicole\Desktop\Estructuras Datos\programas\HashMapEjerciocio2\HashMapEjerciocio2\Source.cpp(24,24): error C2784: 'bool std::operator ==(const std::basic_string<_Elem,_Traits,_Alloc> &,const _Elem *const )': no se pudo deducir el argumento plantilla para 'const _Elem *const ' de 'int'
C:\Users\Nicole\Desktop\Estructuras Datos\programas\HashMapEjerciocio2\HashMapEjerciocio2\Source.cpp(24,24): error C2784: 'bool std::operator ==(const std::basic_string<_Elem,_Traits,_Alloc> &,const std::basic_string<_Elem,_Traits,_Alloc> &) noexcept': no se pudo deducir el argumento plantilla para 'const std::basic_string<_Elem,_Traits,_Alloc> &' de 'int'
C:\Users\Nicole\Desktop\Estructuras Datos\programas\HashMapEjerciocio2\HashMapEjerciocio2\Source.cpp(24,24): error C2784: 'bool std::operator ==(const std::allocator<_Ty> &,const std::allocator<_Other> &) noexcept': no se pudo deducir el argumento plantilla para 'const std::allocator<_Ty> &' de 'V'
          with
          [
              V=std::string
          ]
C:\Users\Nicole\Desktop\Estructuras Datos\programas\HashMapEjerciocio2\HashMapEjerciocio2\Source.cpp(24,24): error C2784: 'bool std::operator ==(const std::istreambuf_iterator<_Elem,_Traits> &,const std::istreambuf_iterator<_Elem,_Traits> &)': no se pudo deducir el argumento plantilla para 'const std::istreambuf_iterator<_Elem,_Traits> &' de 'V'
          with
          [
              V=std::string
          ]
C:\Users\Nicole\Desktop\Estructuras Datos\programas\HashMapEjerciocio2\HashMapEjerciocio2\Source.cpp(24,24): error C2784: 'bool std::operator ==(const std::istream_iterator<_Ty,_Elem,_Traits,_Diff> &,const std::istream_iterator<_Ty,_Elem,_Traits,_Diff> &) noexcept': no se pudo deducir el argumento plantilla para 'const std::istream_iterator<_Ty,_Elem,_Traits,_Diff> &' de 'V'
          with
          [
              V=std::string
          ]
C:\Users\Nicole\Desktop\Estructuras Datos\programas\HashMapEjerciocio2\HashMapEjerciocio2\Source.cpp(24,24): error C2784: 'bool std::operator ==(const std::move_iterator<_Iter> &,const std::move_iterator<_Iter2> &)': no se pudo deducir el argumento plantilla para 'const std::move_iterator<_Iter> &' de 'V'
          with
          [
              V=std::string
          ]
C:\Users\Nicole\Desktop\Estructuras Datos\programas\HashMapEjerciocio2\HashMapEjerciocio2\Source.cpp(24,24): error C2784: 'bool std::operator ==(const std::reverse_iterator<_BidIt> &,const std::reverse_iterator<_BidIt2> &)': no se pudo deducir el argumento plantilla para 'const std::reverse_iterator<_BidIt> &' de 'V'
          with
          [
              V=std::string
          ]
C:\Users\Nicole\Desktop\Estructuras Datos\programas\HashMapEjerciocio2\HashMapEjerciocio2\Source.cpp(24,24): error C2784: 'bool std::operator ==(const std::pair<_Ty1,_Ty2> &,const std::pair<_Ty1,_Ty2> &)': no se pudo deducir el argumento plantilla para 'const std::pair<_Ty1,_Ty2> &' de 'V'
          with
          [
              V=std::string
          ]
